[debug] [2022-03-11T19:16:46.638Z] ----------------------------------------------------------------------
[debug] [2022-03-11T19:16:46.639Z] Command:       C:\Program Files\nodejs\node.exe C:\Users\orish\AppData\Roaming\npm\node_modules\firebase-tools\lib\bin\firebase.js deploy --only hosting:notinow
[debug] [2022-03-11T19:16:46.640Z] CLI Version:   10.2.2
[debug] [2022-03-11T19:16:46.640Z] Platform:      win32
[debug] [2022-03-11T19:16:46.640Z] Node Version:  v16.13.0
[debug] [2022-03-11T19:16:46.641Z] Time:          Fri Mar 11 2022 21:16:46 GMT+0200 (Israel Standard Time)
[debug] [2022-03-11T19:16:46.641Z] ----------------------------------------------------------------------
[debug] 
[debug] [2022-03-11T19:16:46.718Z] > command requires scopes: ["email","openid","https://www.googleapis.com/auth/cloudplatformprojects.readonly","https://www.googleapis.com/auth/firebase","https://www.googleapis.com/auth/cloud-platform"]
[debug] [2022-03-11T19:16:46.719Z] > authorizing via signed-in user (orishtengel5698@gmail.com)
[debug] [2022-03-11T19:16:46.719Z] [iam] checking project notinow for permissions ["firebase.projects.get","firebasehosting.sites.update"]
[debug] [2022-03-11T19:16:46.723Z] >>> [apiv2][query] POST https://cloudresourcemanager.googleapis.com/v1/projects/notinow:testIamPermissions [none]
[debug] [2022-03-11T19:16:46.724Z] >>> [apiv2][body] POST https://cloudresourcemanager.googleapis.com/v1/projects/notinow:testIamPermissions {"permissions":["firebase.projects.get","firebasehosting.sites.update"]}
[debug] [2022-03-11T19:16:47.687Z] <<< [apiv2][status] POST https://cloudresourcemanager.googleapis.com/v1/projects/notinow:testIamPermissions 200
[debug] [2022-03-11T19:16:47.687Z] <<< [apiv2][body] POST https://cloudresourcemanager.googleapis.com/v1/projects/notinow:testIamPermissions {}
[debug] [2022-03-11T19:16:47.687Z] [iam] error while checking permissions, command may fail: FirebaseError: Authorization failed. This account is missing the following required permissions on project notinow:

  firebase.projects.get
  firebasehosting.sites.update
[debug] [2022-03-11T19:16:47.688Z] >>> [apiv2][query] GET https://firebase.googleapis.com/v1beta1/projects/notinow [none]
[debug] [2022-03-11T19:16:48.045Z] <<< [apiv2][status] GET https://firebase.googleapis.com/v1beta1/projects/notinow 403
[debug] [2022-03-11T19:16:48.045Z] <<< [apiv2][body] GET https://firebase.googleapis.com/v1beta1/projects/notinow {"error":{"code":403,"message":"The caller does not have permission","status":"PERMISSION_DENIED"}}
[debug] [2022-03-11T19:16:48.046Z] HTTP Error: 403, The caller does not have permission
[debug] [2022-03-11T19:16:48.116Z] FirebaseError: HTTP Error: 403, The caller does not have permission
    at module.exports (C:\Users\orish\AppData\Roaming\npm\node_modules\firebase-tools\lib\responseToError.js:47:12)
    at RetryOperation._fn (C:\Users\orish\AppData\Roaming\npm\node_modules\firebase-tools\lib\apiv2.js:286:39)
    at processTicksAndRejections (node:internal/process/task_queues:96:5)
[error] 
[error] Error: Failed to get Firebase project notinow. Please make sure the project exists and your account has permission to access it.
